<?xml version="1.0" encoding="UTF-8"?>
<!-- Generated by org.testng.reporters.JUnitReportReporter -->
<testsuite hostname="RSIKHAKPF210PJ1" failures="0" tests="2" name="EndtoEndProject.HomePage" time="8.444" errors="0" timestamp="2021-07-26T17:48:21 IST" skipped="0">
  <testcase classname="EndtoEndProject.HomePage" name="basePageNavigation" time="3.898"/>
  <system-out/>
  <testcase classname="EndtoEndProject.HomePage" name="basePageNavigation" time="4.546"/>
  <system-out/>
</testsuite> <!-- EndtoEndProject.HomePage -->
