<?xml version="1.0" encoding="UTF-8"?>
<!-- Generated by org.testng.reporters.JUnitReportReporter -->
<testsuite hostname="RSIKHAKPF210PJ1" failures="0" tests="1" name="EndtoEndProject.NavBar" time="0.132" errors="0" timestamp="2021-07-22T12:44:16 IST" skipped="0">
  <testcase classname="EndtoEndProject.NavBar" name="navigationBar" time="0.132"/>
  <system-out/>
</testsuite> <!-- EndtoEndProject.NavBar -->
