<?xml version="1.0" encoding="UTF-8"?>
<!-- Generated by org.testng.reporters.JUnitReportReporter -->
<testsuite skipped="0" hostname="RSIKHAKPF210PJ1" name="EndtoEndProject.NavBar" tests="1" failures="0" timestamp="2021-07-22T18:16:34 IST" time="0.047" errors="0">
  <testcase name="navigationBar" time="0.047" classname="EndtoEndProject.NavBar"/>
  <system-out/>
</testsuite> <!-- EndtoEndProject.NavBar -->
