<?xml version="1.0" encoding="UTF-8"?>
<!-- Generated by org.testng.reporters.JUnitReportReporter -->
<testsuite skipped="0" hostname="RSIKHAKPF210PJ1" name="EndtoEndProject.HomePage" tests="2" failures="0" timestamp="2021-07-22T18:16:34 IST" time="13.392" errors="0">
  <testcase name="basePageNavigation" time="9.308" classname="EndtoEndProject.HomePage"/>
  <system-out/>
  <testcase name="basePageNavigation" time="4.084" classname="EndtoEndProject.HomePage"/>
  <system-out/>
</testsuite> <!-- EndtoEndProject.HomePage -->
